<?xml version="1.0" encoding="UTF-8"?>
<testng-results ignored="0" total="1" passed="1" failed="0" skipped="0">
  <reporter-output>
  </reporter-output>
  <suite started-at="2021-03-04T09:00:31Z" name="Suite" finished-at="2021-03-04T09:01:25Z" duration-ms="54004">
    <groups>
    </groups>
    <test started-at="2021-03-04T09:00:31Z" name="Test" finished-at="2021-03-04T09:01:25Z" duration-ms="54004">
      <class name="com.realme.testing.title.RealmeTitleTest">
        <test-method signature="loadPage()[pri:0, instance:com.realme.testing.title.RealmeTitleTest@51c693d]" started-at="2021-03-04T09:00:31Z" name="loadPage" finished-at="2021-03-04T09:01:25Z" duration-ms="53976" status="PASS">
          <reporter-output>
          </reporter-output>
        </test-method> <!-- loadPage -->
      </class> <!-- com.realme.testing.title.RealmeTitleTest -->
    </test> <!-- Test -->
  </suite> <!-- Suite -->
</testng-results>
