<?xml version="1.0" encoding="UTF-8"?>
<testng-results ignored="0" total="1" passed="1" failed="0" skipped="0">
  <reporter-output>
  </reporter-output>
  <suite started-at="2021-02-10T06:25:44Z" name="Default suite" finished-at="2021-02-10T06:26:00Z" duration-ms="15946">
    <groups>
    </groups>
    <test started-at="2021-02-10T06:25:44Z" name="Default test" finished-at="2021-02-10T06:26:00Z" duration-ms="15946">
      <class name="com.realme.testing.title.RealmeTitleTest">
        <test-method signature="loadPage()[pri:0, instance:com.realme.testing.title.RealmeTitleTest@7133da86]" started-at="2021-02-10T06:25:44Z" name="loadPage" finished-at="2021-02-10T06:26:00Z" duration-ms="15912" status="PASS">
          <reporter-output>
          </reporter-output>
        </test-method> <!-- loadPage -->
      </class> <!-- com.realme.testing.title.RealmeTitleTest -->
    </test> <!-- Default test -->
  </suite> <!-- Default suite -->
</testng-results>
